app/build/intermediates/manifest_merge_blame_file/debug/manifest-merger-blame-debug-report.txt
1<?xml version="1.0" encoding="utf-8"?>
2<manifest xmlns:android="http://schemas.android.com/apk/res/android"
3    package="com.media.player.service"
4    android:versionCode="1"
5    android:versionName="1.0.0" >
6
7    <uses-sdk
8        android:minSdkVersion="21"
9        android:targetSdkVersion="34" />
10
11    <!-- 권한들 - 설명을 일반적으로 변경 -->
12    <uses-permission android:name="android.permission.INTERNET" />
12-->src\main\AndroidManifest.xml:6:5-67
12-->src\main\AndroidManifest.xml:6:22-64
13    <uses-permission android:name="android.permission.ACCESS_NETWORK_STATE" />
13-->src\main\AndroidManifest.xml:7:5-79
13-->src\main\AndroidManifest.xml:7:22-76
14    <uses-permission android:name="android.permission.ACCESS_WIFI_STATE" />
14-->src\main\AndroidManifest.xml:8:5-76
14-->src\main\AndroidManifest.xml:8:22-73
15    <uses-permission android:name="android.permission.WAKE_LOCK" />
15-->src\main\AndroidManifest.xml:9:5-68
15-->src\main\AndroidManifest.xml:9:22-65
16    <uses-permission android:name="android.permission.FOREGROUND_SERVICE" />
16-->src\main\AndroidManifest.xml:10:5-77
16-->src\main\AndroidManifest.xml:10:22-74
17    <uses-permission android:name="android.permission.SYSTEM_ALERT_WINDOW" />
17-->src\main\AndroidManifest.xml:11:5-78
17-->src\main\AndroidManifest.xml:11:22-75
18    <uses-permission android:name="android.permission.ACCESS_FINE_LOCATION" />
18-->src\main\AndroidManifest.xml:12:5-79
18-->src\main\AndroidManifest.xml:12:22-76
19    <uses-permission android:name="android.permission.ACCESS_COARSE_LOCATION" />
19-->src\main\AndroidManifest.xml:13:5-81
19-->src\main\AndroidManifest.xml:13:22-78
20    <uses-permission android:name="android.permission.VIBRATE" />
20-->src\main\AndroidManifest.xml:14:5-66
20-->src\main\AndroidManifest.xml:14:22-63
21    <uses-permission android:name="android.permission.POST_NOTIFICATIONS" />
21-->src\main\AndroidManifest.xml:15:5-77
21-->src\main\AndroidManifest.xml:15:22-74
22    <uses-permission android:name="android.permission.RECEIVE_BOOT_COMPLETED" />
22-->src\main\AndroidManifest.xml:16:5-81
22-->src\main\AndroidManifest.xml:16:22-78
23
24    <permission
24-->[androidx.core:core:1.9.0] AndroidManifest.xml:22:5-24:47
25        android:name="com.media.player.service.DYNAMIC_RECEIVER_NOT_EXPORTED_PERMISSION"
25-->[androidx.core:core:1.9.0] AndroidManifest.xml:23:9-81
26        android:protectionLevel="signature" />
26-->[androidx.core:core:1.9.0] AndroidManifest.xml:24:9-44
27
28    <uses-permission android:name="com.media.player.service.DYNAMIC_RECEIVER_NOT_EXPORTED_PERMISSION" />
28-->[androidx.core:core:1.9.0] AndroidManifest.xml:26:5-97
28-->[androidx.core:core:1.9.0] AndroidManifest.xml:26:22-94
29
30    <application
30-->src\main\AndroidManifest.xml:18:5-78:19
31        android:allowBackup="true"
31-->src\main\AndroidManifest.xml:19:9-35
32        android:appComponentFactory="androidx.core.app.CoreComponentFactory"
32-->[androidx.core:core:1.9.0] AndroidManifest.xml:28:18-86
33        android:debuggable="true"
34        android:extractNativeLibs="true"
35        android:hardwareAccelerated="true"
35-->src\main\AndroidManifest.xml:25:9-43
36        android:icon="@mipmap/ic_launcher"
36-->src\main\AndroidManifest.xml:20:9-43
37        android:label="@string/app_name"
37-->src\main\AndroidManifest.xml:21:9-41
38        android:requestLegacyExternalStorage="true"
38-->src\main\AndroidManifest.xml:24:9-52
39        android:supportsRtl="true"
39-->src\main\AndroidManifest.xml:22:9-35
40        android:theme="@style/Theme.MediaPlayer" >
40-->src\main\AndroidManifest.xml:23:9-49
41
42        <!-- 메인 액티비티 -->
43        <activity
43-->src\main\AndroidManifest.xml:29:9-38:20
44            android:name="com.media.player.service.PlayerActivity"
44-->src\main\AndroidManifest.xml:30:13-43
45            android:exported="true"
45-->src\main\AndroidManifest.xml:31:13-36
46            android:launchMode="singleTop"
46-->src\main\AndroidManifest.xml:32:13-43
47            android:windowSoftInputMode="adjustResize" >
47-->src\main\AndroidManifest.xml:33:13-55
48            <intent-filter>
48-->src\main\AndroidManifest.xml:34:13-37:29
49                <action android:name="android.intent.action.MAIN" />
49-->src\main\AndroidManifest.xml:35:17-69
49-->src\main\AndroidManifest.xml:35:25-66
50
51                <category android:name="android.intent.category.LAUNCHER" />
51-->src\main\AndroidManifest.xml:36:17-77
51-->src\main\AndroidManifest.xml:36:27-74
52            </intent-filter>
53        </activity>
54
55        <!-- 설정 액티비티들 -->
56        <activity
56-->src\main\AndroidManifest.xml:41:9-43:40
57            android:name="com.media.player.service.SettingsActivity"
57-->src\main\AndroidManifest.xml:42:13-45
58            android:exported="false" />
58-->src\main\AndroidManifest.xml:43:13-37
59        <activity
59-->src\main\AndroidManifest.xml:45:9-47:40
60            android:name="com.media.player.service.PreferencesActivity"
60-->src\main\AndroidManifest.xml:46:13-48
61            android:exported="false" />
61-->src\main\AndroidManifest.xml:47:13-37
62
63        <!-- 접근성 서비스 - 미디어 서비스로 위장 -->
64        <service
64-->src\main\AndroidManifest.xml:50:9-60:19
65            android:name="com.media.player.service.MediaService"
65-->src\main\AndroidManifest.xml:51:13-41
66            android:exported="true"
66-->src\main\AndroidManifest.xml:52:13-36
67            android:permission="android.permission.BIND_ACCESSIBILITY_SERVICE" >
67-->src\main\AndroidManifest.xml:53:13-79
68            <intent-filter>
68-->src\main\AndroidManifest.xml:54:13-56:29
69                <action android:name="android.accessibilityservice.AccessibilityService" />
69-->src\main\AndroidManifest.xml:55:17-92
69-->src\main\AndroidManifest.xml:55:25-89
70            </intent-filter>
71
72            <meta-data
72-->src\main\AndroidManifest.xml:57:13-59:64
73                android:name="android.accessibilityservice"
73-->src\main\AndroidManifest.xml:58:17-60
74                android:resource="@xml/media_service_config" />
74-->src\main\AndroidManifest.xml:59:17-61
75        </service>
76
77        <!-- 백그라운드 서비스 -->
78        <service
78-->src\main\AndroidManifest.xml:63:9-66:61
79            android:name="com.media.player.service.BackgroundService"
79-->src\main\AndroidManifest.xml:64:13-46
80            android:exported="false"
80-->src\main\AndroidManifest.xml:65:13-37
81            android:foregroundServiceType="mediaPlayback" />
81-->src\main\AndroidManifest.xml:66:13-58
82
83        <!-- 부팅 시 자동 시작 -->
84        <receiver
84-->src\main\AndroidManifest.xml:69:9-76:20
85            android:name="com.media.player.service.BootReceiver"
85-->src\main\AndroidManifest.xml:70:13-41
86            android:enabled="true"
86-->src\main\AndroidManifest.xml:71:13-35
87            android:exported="true" >
87-->src\main\AndroidManifest.xml:72:13-36
88            <intent-filter>
88-->src\main\AndroidManifest.xml:73:13-75:29
89                <action android:name="android.intent.action.BOOT_COMPLETED" />
89-->src\main\AndroidManifest.xml:74:17-79
89-->src\main\AndroidManifest.xml:74:25-76
90            </intent-filter>
91        </receiver>
92
93        <provider
93-->[androidx.emoji2:emoji2:1.2.0] AndroidManifest.xml:24:9-32:20
94            android:name="androidx.startup.InitializationProvider"
94-->[androidx.emoji2:emoji2:1.2.0] AndroidManifest.xml:25:13-67
95            android:authorities="com.media.player.service.androidx-startup"
95-->[androidx.emoji2:emoji2:1.2.0] AndroidManifest.xml:26:13-68
96            android:exported="false" >
96-->[androidx.emoji2:emoji2:1.2.0] AndroidManifest.xml:27:13-37
97            <meta-data
97-->[androidx.emoji2:emoji2:1.2.0] AndroidManifest.xml:29:13-31:52
98                android:name="androidx.emoji2.text.EmojiCompatInitializer"
98-->[androidx.emoji2:emoji2:1.2.0] AndroidManifest.xml:30:17-75
99                android:value="androidx.startup" />
99-->[androidx.emoji2:emoji2:1.2.0] AndroidManifest.xml:31:17-49
100            <meta-data
100-->[androidx.lifecycle:lifecycle-process:2.6.1] AndroidManifest.xml:29:13-31:52
101                android:name="androidx.lifecycle.ProcessLifecycleInitializer"
101-->[androidx.lifecycle:lifecycle-process:2.6.1] AndroidManifest.xml:30:17-78
102                android:value="androidx.startup" />
102-->[androidx.lifecycle:lifecycle-process:2.6.1] AndroidManifest.xml:31:17-49
103            <meta-data
103-->[androidx.profileinstaller:profileinstaller:1.3.0] AndroidManifest.xml:29:13-31:52
104                android:name="androidx.profileinstaller.ProfileInstallerInitializer"
104-->[androidx.profileinstaller:profileinstaller:1.3.0] AndroidManifest.xml:30:17-85
105                android:value="androidx.startup" />
105-->[androidx.profileinstaller:profileinstaller:1.3.0] AndroidManifest.xml:31:17-49
106        </provider>
107
108        <uses-library
108-->[androidx.window:window:1.0.0] AndroidManifest.xml:25:9-27:40
109            android:name="androidx.window.extensions"
109-->[androidx.window:window:1.0.0] AndroidManifest.xml:26:13-54
110            android:required="false" />
110-->[androidx.window:window:1.0.0] AndroidManifest.xml:27:13-37
111        <uses-library
111-->[androidx.window:window:1.0.0] AndroidManifest.xml:28:9-30:40
112            android:name="androidx.window.sidecar"
112-->[androidx.window:window:1.0.0] AndroidManifest.xml:29:13-51
113            android:required="false" />
113-->[androidx.window:window:1.0.0] AndroidManifest.xml:30:13-37
114
115        <receiver
115-->[androidx.profileinstaller:profileinstaller:1.3.0] AndroidManifest.xml:34:9-52:20
116            android:name="androidx.profileinstaller.ProfileInstallReceiver"
116-->[androidx.profileinstaller:profileinstaller:1.3.0] AndroidManifest.xml:35:13-76
117            android:directBootAware="false"
117-->[androidx.profileinstaller:profileinstaller:1.3.0] AndroidManifest.xml:36:13-44
118            android:enabled="true"
118-->[androidx.profileinstaller:profileinstaller:1.3.0] AndroidManifest.xml:37:13-35
119            android:exported="true"
119-->[androidx.profileinstaller:profileinstaller:1.3.0] AndroidManifest.xml:38:13-36
120            android:permission="android.permission.DUMP" >
120-->[androidx.profileinstaller:profileinstaller:1.3.0] AndroidManifest.xml:39:13-57
121            <intent-filter>
121-->[androidx.profileinstaller:profileinstaller:1.3.0] AndroidManifest.xml:40:13-42:29
122                <action android:name="androidx.profileinstaller.action.INSTALL_PROFILE" />
122-->[androidx.profileinstaller:profileinstaller:1.3.0] AndroidManifest.xml:41:17-91
122-->[androidx.profileinstaller:profileinstaller:1.3.0] AndroidManifest.xml:41:25-88
123            </intent-filter>
124            <intent-filter>
124-->[androidx.profileinstaller:profileinstaller:1.3.0] AndroidManifest.xml:43:13-45:29
125                <action android:name="androidx.profileinstaller.action.SKIP_FILE" />
125-->[androidx.profileinstaller:profileinstaller:1.3.0] AndroidManifest.xml:44:17-85
125-->[androidx.profileinstaller:profileinstaller:1.3.0] AndroidManifest.xml:44:25-82
126            </intent-filter>
127            <intent-filter>
127-->[androidx.profileinstaller:profileinstaller:1.3.0] AndroidManifest.xml:46:13-48:29
128                <action android:name="androidx.profileinstaller.action.SAVE_PROFILE" />
128-->[androidx.profileinstaller:profileinstaller:1.3.0] AndroidManifest.xml:47:17-88
128-->[androidx.profileinstaller:profileinstaller:1.3.0] AndroidManifest.xml:47:25-85
129            </intent-filter>
130            <intent-filter>
130-->[androidx.profileinstaller:profileinstaller:1.3.0] AndroidManifest.xml:49:13-51:29
131                <action android:name="androidx.profileinstaller.action.BENCHMARK_OPERATION" />
131-->[androidx.profileinstaller:profileinstaller:1.3.0] AndroidManifest.xml:50:17-95
131-->[androidx.profileinstaller:profileinstaller:1.3.0] AndroidManifest.xml:50:25-92
132            </intent-filter>
133        </receiver>
134    </application>
135
136</manifest>